<?xml version="1.0" encoding="UTF-8"?>
<testng-results skipped="0" failed="0" ignored="0" total="1" passed="1">
  <reporter-output>
  </reporter-output>
  <suite name="Suite" duration-ms="40335" started-at="2020-10-12T13:48:16Z" finished-at="2020-10-12T13:48:57Z">
    <groups>
    </groups>
    <test name="Test" duration-ms="40335" started-at="2020-10-12T13:48:16Z" finished-at="2020-10-12T13:48:57Z">
      <class name="com.mystoreapp.test.AppFlow_Scenario1Test">
        <test-method status="PASS" signature="setUp()[pri:0, instance:com.mystoreapp.test.AppFlow_Scenario1Test@1e88b3c]" name="setUp" is-config="true" duration-ms="17394" started-at="2020-10-12T13:48:16Z" finished-at="2020-10-12T13:48:34Z">
          <reporter-output>
          </reporter-output>
        </test-method> <!-- setUp -->
        <test-method status="PASS" signature="verifyScenario1Test()[pri:0, instance:com.mystoreapp.test.AppFlow_Scenario1Test@1e88b3c]" name="verifyScenario1Test" duration-ms="22254" started-at="2020-10-12T13:48:34Z" finished-at="2020-10-12T13:48:56Z">
          <reporter-output>
          </reporter-output>
        </test-method> <!-- verifyScenario1Test -->
        <test-method status="PASS" signature="tearDown()[pri:0, instance:com.mystoreapp.test.AppFlow_Scenario1Test@1e88b3c]" name="tearDown" is-config="true" duration-ms="668" started-at="2020-10-12T13:48:56Z" finished-at="2020-10-12T13:48:57Z">
          <reporter-output>
          </reporter-output>
        </test-method> <!-- tearDown -->
      </class> <!-- com.mystoreapp.test.AppFlow_Scenario1Test -->
    </test> <!-- Test -->
  </suite> <!-- Suite -->
</testng-results>
